2020-08-03 16:28:25,765 [140546317203200] INFO: Aug 03 2020 16:28:25 test beginning...
2020-08-03 16:28:25,765 [140546317203200] INFO: robot.rshd=0
2020-08-03 16:28:25,766 [140546317203200] INFO: ip=localhost, port=8899
2020-08-03 16:28:25,766 [140546317203200] ERROR: login failed!
2020-08-03 16:28:25,766 [140546317203200] INFO: connect serverlocalhost:8899 failed.
2020-08-03 16:28:27,001 [140546317203200] INFO: Aug 03 2020 16:28:27 test completed.
2020-08-03 16:28:27,001 [140546317203200] INFO: client_count=0
2020-08-03 16:28:27,001 [140546317203200] INFO: test completed
2020-08-03 17:54:31,422 [140186355959552] INFO: Aug 03 2020 17:54:31 test beginning...
2020-08-03 17:54:31,425 [140186355959552] INFO: robot.rshd=0
2020-08-03 17:54:36,448 [140186355959552] INFO: ip=192.168.65.131, port=8899
2020-08-03 17:54:39,504 [140186355959552] ERROR: login failed!
2020-08-03 17:54:39,505 [140186355959552] INFO: connect server192.168.65.131:8899 failed.
2020-08-03 17:54:40,000 [140186355959552] INFO: client_count=0
2020-08-03 17:54:40,000 [140186355959552] INFO: test completed
2020-09-07 17:22:02,610 [139670571493120] INFO: Sep 07 2020 17:22:02 test beginning...
2020-09-07 17:22:02,611 [139670571493120] INFO: robot.rshd=0
2020-09-07 17:22:07,641 [139670571493120] INFO: ip=192.168.65.131, port=8899
2020-09-07 17:22:10,669 [139670571493120] ERROR: login failed!
2020-09-07 17:22:10,670 [139670571493120] INFO: connect server192.168.65.131:8899 failed.
2020-09-07 17:22:11,000 [139670571493120] INFO: client_count=0
2020-09-07 17:22:11,000 [139670571493120] INFO: test completed
2020-09-07 17:23:00,071 [140358493685504] INFO: Sep 07 2020 17:23:00 test beginning...
2020-09-07 17:23:00,071 [140358493685504] INFO: robot.rshd=0
2020-09-07 17:23:03,114 [140358493685504] INFO: client_count=0
2022-10-17 14:45:30,650 [140608023017280] INFO: Oct 17 2022 14:45:30 test beginning...
2022-10-17 14:45:30,651 [140608023017280] INFO: robot.rshd=0
2022-10-17 14:45:35,663 [140608023017280] INFO: ip=192.168.65.131, port=8899
2022-10-17 14:45:38,664 [140608023017280] ERROR: login failed!
2022-10-17 14:45:38,664 [140608023017280] INFO: connect server192.168.65.131:8899 failed.
2022-10-17 14:45:39,000 [140608023017280] INFO: client_count=0
2022-10-17 14:45:39,000 [140608023017280] INFO: test completed
2022-11-10 16:02:32,685 [139777643476800] INFO: Nov 10 2022 16:02:32 test beginning...
2022-11-10 16:02:32,686 [139777643476800] INFO: robot.rshd=0
2022-11-10 16:02:37,699 [139777643476800] INFO: ip=192.168.65.131, port=8899
2022-11-10 16:02:40,737 [139777643476800] ERROR: login failed!
2022-11-10 16:02:40,737 [139777643476800] INFO: connect server192.168.65.131:8899 failed.
2022-11-10 16:02:41,000 [139777643476800] INFO: client_count=0
2022-11-10 16:02:41,001 [139777643476800] INFO: test completed
2022-11-10 16:02:56,393 [140165076350784] INFO: Nov 10 2022 16:02:56 test beginning...
2022-11-10 16:02:56,393 [140165076350784] INFO: robot.rshd=0
2022-11-10 16:03:00,078 [140165076350784] INFO: client_count=0
